<?xml version="1.0" encoding="UTF-8"?>
<!-- Generated by org.testng.reporters.JUnitReportReporter -->
<testsuite hostname="sai" failures="0" tests="1" name="DemoWebShop_testClass.DemoClass" time="12.776" errors="0" timestamp="2023-02-12T13:14:36 IST" skipped="0">
  <testcase classname="DemoWebShop_testClass.DemoClass" name="logintest" time="12.776"/>
  <system-out/>
</testsuite> <!-- DemoWebShop_testClass.DemoClass -->
