<?xml version="1.0" encoding="UTF-8"?>
<!-- Generated by org.testng.reporters.JUnitReportReporter -->
<testsuite hostname="sai" failures="0" tests="1" name="DemoWebShop_testClass.TC_demowebshop_testClass" time="21.392" errors="0" timestamp="2023-02-12T14:07:31 IST" skipped="0">
  <testcase classname="DemoWebShop_testClass.TC_demowebshop_testClass" name="logindata" time="21.392"/>
  <system-out/>
</testsuite> <!-- DemoWebShop_testClass.TC_demowebshop_testClass -->
